<?xml version="1.0" encoding="UTF-8"?>
<!-- Generated by org.testng.reporters.JUnitReportReporter -->
<testsuite hostname="marta-samsung" name="MVPTest" tests="2" failures="0" timestamp="4 May 2016 17:02:29 GMT" time="0.121" errors="0">
  <testcase name="testMoveFromLeftToRight" time="0.118" classname="MVPTest"/>
  <testcase name="testRenderLists" time="0.003" classname="MVPTest"/>
</testsuite> <!-- MVPTest -->
