<?xml version="1.0" encoding="UTF-8"?>
<!-- Generated by org.testng.reporters.JUnitReportReporter -->
<testsuite hostname="marta-samsung" name="ListMVPTest" tests="1" failures="0" timestamp="4 May 2016 16:48:42 GMT" time="0.025" errors="0">
  <testcase name="test" time="0.025" classname="ListMVPTest"/>
</testsuite> <!-- ListMVPTest -->
